laotseu@terminator64:~/tmp/coursera-datacleaning$ ./run_analysis.R 
[1] "This is  Gnu/Linux Os it should work like a charm. be sure wget is installed"
[1] " I will try to download data archive file from :  https://d396qusza40orc.cloudfront.net/getdata%2Fprojectfiles%2FUCI%20HAR%20Dataset.zip"
--2015-04-21 16:29:14--  https://d396qusza40orc.cloudfront.net/getdata%2Fprojectfiles%2FUCI%20HAR%20Dataset.zip
Résolution de d396qusza40orc.cloudfront.net (d396qusza40orc.cloudfront.net)... 54.230.187.77, 54.239.158.65, 54.239.158.83, ...
Connexion vers d396qusza40orc.cloudfront.net (d396qusza40orc.cloudfront.net)|54.230.187.77|:443... connecté.
requête HTTP transmise, en attente de la réponse... 200 OK
Taille : 62556944 (60M) [application/zip]
Enregistre : «projectfiles-UCI_HAR_Dataset.zip»

100%[============================================================================================================>] 62'556'944  2.56MB/s   ds 26s    

2015-04-21 16:29:41 (2.25 MB/s) - «projectfiles-UCI_HAR_Dataset.zip» enregistré [62556944/62556944]

[1] "+ I will load traning dataset  : data/UCI HAR Dataset/train/X_train.txt inside r_train"
[1] "+ I will load test dataset : data/UCI HAR Dataset/train/X_train.txt inside r_test"
[1] "loading fields name from : data/UCI HAR Dataset/features.txt"
[1] "+ I will add column names to the 2 data frames"
[1] "+ I will add the subject column to the train dataset"
[1] "+ I will add the subject column to the test dataset"
[1] "+ I will read the activity labels data"
[1] "+ I will add the activity column to the train dataset"
[1] "+ I will add the activity column to the test dataset"
[1] "+ I will rbind append to the training dataset the test dataset to create data_full dataset"
[1] "+ I will retrieve the column names containing mean()"
[1] "+ I will retrieve the column names containing std()"
[1] "+ I will merge them to get the column filter adding columns 1 ,2 for  activity and subject"
[1] "+ I create data_filtered by taking only the columns filter activity,subject and 66 other fields that have mean() or st() in their names"
[1] "+ I create the tidy dataset from the previous data_filterd (without the 2 first factors columns) with the average of each variable for each activity and each subject by using aggregate"
[1] "+ I fix the first column name back to activity"
[1] "+ I fix the second column name back to subject"
[1] "+ I write the final tidy_data to a file on disk : tidy_projectfiles-UCI_HAR_Dataset.txt"
